{
  "RSpec": {
    "coverage": {
      "/home/tiimurka/prog/RUBY/OptSoft/lab2/lib/csv_parse.rb": {
        "lines": [
          null,
          null,
          1,
          null,
          1,
          1,
          null,
          1,
          4,
          4,
          4,
          4,
          4,
          null,
          null,
          1,
          null,
          null,
          null,
          null,
          null,
          1,
          1,
          7,
          null,
          null,
          1,
          null,
          null,
          null,
          null,
          null,
          1,
          1,
          7,
          null,
          null,
          1,
          null,
          null,
          null,
          null,
          null,
          1,
          1,
          7,
          1,
          null,
          null,
          1,
          null,
          null,
          null,
          null,
          1,
          1,
          7,
          null,
          null,
          1,
          1,
          null,
          null
        ]
      }
    },
    "timestamp": 1603653525
  }
}
