{
  "RSpec": {
    "coverage": {
      "/home/tiimurka/prog/RUBY/OptSoft/lab1/lib/temp.rb": {
        "lines": [
          null,
          null,
          null,
          1,
          1,
          6,
          null,
          2,
          null,
          2,
          null,
          2,
          null,
          null,
          null,
          1,
          2,
          null,
          1,
          null,
          1,
          null,
          null,
          null,
          1,
          2,
          null,
          1,
          null,
          1,
          null,
          null,
          null,
          1,
          2,
          null,
          1,
          null,
          1,
          null,
          null,
          null
        ]
      }
    },
    "timestamp": 1601926772
  }
}
